2024-04-29 22:21:54.031 [main] ERROR org.example.Main - Connection failed. Error: com.microsoft.sqlserver.jdbc.SQLServerDriver
2024-04-29 22:22:44.674 [main] INFO  org.example.Main - Connected to the database.
2024-04-29 22:27:29.746 [main] INFO  org.example.Main - Connected to the database.
2024-04-29 22:29:58.332 [main] INFO  org.example.Main - Connected to the database.
2024-04-30 20:47:43.269 [main] INFO  org.example.Main - Connected to the database.
2024-04-30 20:48:19.876 [main] INFO  org.example.Main - Connected to the database.
2024-04-30 20:49:54.101 [main] INFO  org.example.Main - Connected to the database.
2024-04-30 20:53:16.262 [main] INFO  org.example.Main - Connected to the database.
2024-04-30 20:57:58.380 [main] INFO  org.example.Main - Connected to the database.
2024-04-30 21:01:32.099 [main] INFO  org.example.Main - Connected to the database.
2024-04-30 21:03:29.417 [main] INFO  org.example.Main - Connected to the database.
2024-04-30 21:06:38.436 [main] INFO  org.example.Main - Connected to the database.
2024-04-30 21:12:57.544 [main] INFO  org.example.Main - Connected to the database.
2024-04-30 21:34:10.389 [main] INFO  org.example.Main - Connected to the database.
2024-04-30 21:43:55.047 [main] INFO  org.example.Main - Connected to the database.
2024-04-30 21:47:29.241 [main] INFO  org.example.Main - Connected to the database.
2024-04-30 21:58:15.106 [main] INFO  org.example.Main - Connected to the database.
2024-04-30 21:58:26.733 [main] WARN  org.example.Main - Wrong Credentials
2024-04-30 22:08:35.190 [main] INFO  org.example.Main - Connected to the database.
2024-04-30 22:37:10.502 [main] INFO  org.example.Main - Connected to the database.
2024-04-30 22:37:35.887 [main] INFO  org.example.Main - Withdrawn His Applications
2024-04-30 22:38:15.510 [main] INFO  org.example.Main - Connected to the database.
2024-04-30 22:41:05.556 [main] INFO  org.example.Main - Connected to the database.
2024-04-30 22:48:20.820 [main] INFO  org.example.Main - Connected to the database.
2024-04-30 22:49:05.871 [main] INFO  org.example.Main - Connected to the database.
2024-05-01 09:21:29.336 [main] INFO  org.example.Main - Connected to the database.
2024-05-01 09:27:59.830 [main] INFO  org.example.Main - Connected to the database.
2024-05-01 09:28:04.220 [main] WARN  org.example.Main - Invalid input. Please enter a valid choice (1, 2, or 3).
2024-05-01 09:28:11.473 [main] WARN  org.example.Main - Invalid input. Please enter a valid choice (1 or 2).
2024-05-01 09:30:20.654 [main] INFO  org.example.Main - Connected to the database.
2024-05-01 09:31:31.099 [main] INFO  org.example.Main - Connected to the database.
2024-05-01 09:33:54.721 [main] INFO  org.example.Main - Connected to the database.
2024-05-01 09:34:40.630 [main] INFO  org.example.Main - Connected to the database.
2024-05-01 09:45:50.957 [main] INFO  org.example.Main - Connected to the database.
2024-05-01 09:46:01.231 [main] INFO  org.example.dao.UserImp - User Logged In
2024-05-01 09:50:20.437 [main] INFO  org.example.Main - Connected to the database.
2024-05-01 09:50:40.303 [main] INFO  org.example.dao.UserImp - User Logged In
2024-05-03 14:05:58.147 [main] INFO  org.example.Main - Connected to the database.
2024-05-03 14:29:58.334 [main] INFO  org.example.Main - Connected to the database.
2024-05-03 14:30:11.728 [main] WARN  org.example.dao.UserImp - Wrong Credentials
2024-05-03 14:30:33.861 [main] WARN  org.example.dao.UserImp - Wrong Credentials
2024-05-03 14:32:00.287 [main] INFO  org.example.Main - Connected to the database.
2024-05-03 14:32:39.817 [main] INFO  org.example.dao.UserImp - Job Seeker Registered
2024-05-03 14:32:57.509 [main] INFO  org.example.dao.UserImp - User Logged In
2024-05-03 22:07:39.067 [main] INFO  org.example.Main - Connected to the database.
2024-05-03 22:11:53.652 [main] INFO  org.example.Main - Connected to the database.
2024-05-03 22:12:22.450 [main] INFO  org.example.dao.UserImp - Job Seeker Registered
2024-05-03 22:12:31.601 [main] INFO  org.example.dao.UserImp - User Logged In
2024-05-03 22:31:53.919 [main] INFO  org.example.Main - Connected to the database.
2024-05-03 22:32:34.025 [main] INFO  org.example.dao.UserImp - Job Seeker Registered
2024-05-03 22:32:44.193 [main] INFO  org.example.dao.UserImp - User Logged In
2024-05-03 22:33:18.113 [main] INFO  org.example.Main - Connected to the database.
2024-05-04 07:25:19.754 [main] ERROR org.example.Main - Connection Error: com.microsoft.sqlserver.jdbc.SQLServerDriver
2024-05-04 07:26:38.538 [main] INFO  org.example.Main - Connected to the database.
2024-05-04 07:29:34.273 [main] INFO  org.example.dao.UserImp - Job Seeker Registered
2024-05-04 07:29:39.330 [main] INFO  org.example.dao.UserImp - User Logged In
2024-05-04 07:30:14.677 [main] INFO  org.example.Main - Connected to the database.
2024-05-04 07:33:39.215 [main] INFO  org.example.Main - Connected to the database.
2024-05-04 07:33:53.571 [main] INFO  org.example.dao.UserImp - User Logged In
2024-05-04 07:34:51.609 [main] INFO  org.example.dao.UserImp - Applied For The Job
2024-05-04 07:35:16.599 [main] INFO  org.example.Main - Connected to the database.
2024-05-04 07:36:20.206 [main] INFO  org.example.Main - Connected to the database.
2024-05-04 07:36:30.000 [main] INFO  org.example.dao.UserImp - User Logged In
